Assembler report for DE10_Lite_Computer
Thu Nov 27 14:34:05 2025
Quartus Prime Version 18.1.0 Build 625 09/12/2018 SJ Lite Edition


---------------------
; Table of Contents ;
---------------------
  1. Legal Notice
  2. Assembler Summary
  3. Assembler Settings
  4. Assembler Encrypted IP Cores Summary
  5. Assembler Generated Files
  6. Assembler Device Options: C:/Users/Yanis/Documents/Cours/Projet_SoC/Radar_2D_SoC/fit/DE10_Lite_Computer_YD/DE10_Lite_Computer.sof
  7. Assembler Messages



----------------
; Legal Notice ;
----------------
Copyright (C) 2018  Intel Corporation. All rights reserved.
Your use of Intel Corporation's design tools, logic functions 
and other software and tools, and its AMPP partner logic 
functions, and any output files from any of the foregoing 
(including device programming or simulation files), and any 
associated documentation or information are expressly subject 
to the terms and conditions of the Intel Program License 
Subscription Agreement, the Intel Quartus Prime License Agreement,
the Intel FPGA IP License Agreement, or other applicable license
agreement, including, without limitation, that your use is for
the sole purpose of programming logic devices manufactured by
Intel and sold by Intel or its authorized distributors.  Please
refer to the applicable agreement for further details.



+---------------------------------------------------------------+
; Assembler Summary                                             ;
+-----------------------+---------------------------------------+
; Assembler Status      ; Successful - Thu Nov 27 14:34:05 2025 ;
; Revision Name         ; DE10_Lite_Computer                    ;
; Top-level Entity Name ; DE10_Lite_Computer                    ;
; Family                ; MAX 10                                ;
; Device                ; 10M50DAF484C6GES                      ;
+-----------------------+---------------------------------------+


+----------------------------------+
; Assembler Settings               ;
+--------+---------+---------------+
; Option ; Setting ; Default Value ;
+--------+---------+---------------+


+------------------------------------------------+
; Assembler Encrypted IP Cores Summary           ;
+--------+------------------------+--------------+
; Vendor ; IP Core Name           ; License Type ;
+--------+------------------------+--------------+
; Altera ; Signal Tap (6AF7 BCE1) ; Licensed     ;
; Altera ; Signal Tap (6AF7 BCEC) ; Licensed     ;
+--------+------------------------+--------------+


+---------------------------------------------------------------------------------------------------------+
; Assembler Generated Files                                                                               ;
+---------------------------------------------------------------------------------------------------------+
; File Name                                                                                               ;
+---------------------------------------------------------------------------------------------------------+
; C:/Users/Yanis/Documents/Cours/Projet_SoC/Radar_2D_SoC/fit/DE10_Lite_Computer_YD/DE10_Lite_Computer.sof ;
+---------------------------------------------------------------------------------------------------------+


+-----------------------------------------------------------------------------------------------------------------------------------+
; Assembler Device Options: C:/Users/Yanis/Documents/Cours/Projet_SoC/Radar_2D_SoC/fit/DE10_Lite_Computer_YD/DE10_Lite_Computer.sof ;
+----------------+------------------------------------------------------------------------------------------------------------------+
; Option         ; Setting                                                                                                          ;
+----------------+------------------------------------------------------------------------------------------------------------------+
; JTAG usercode  ; 0x00BEAF54                                                                                                       ;
; Checksum       ; 0x00BEAF54                                                                                                       ;
+----------------+------------------------------------------------------------------------------------------------------------------+


+--------------------+
; Assembler Messages ;
+--------------------+
Info: *******************************************************************
Info: Running Quartus Prime Assembler
    Info: Version 18.1.0 Build 625 09/12/2018 SJ Lite Edition
    Info: Processing started: Thu Nov 27 14:34:02 2025
Info: Command: quartus_asm --read_settings_files=off --write_settings_files=off DE10_Lite_Computer -c DE10_Lite_Computer
Warning (125092): Tcl Script File Computer_System/simulation/Computer_System.sip not found
    Info (125063): set_global_assignment -name SIP_FILE Computer_System/simulation/Computer_System.sip
Warning (18236): Number of processors has not been specified which may cause overloading on shared machines.  Set the global assignment NUM_PARALLEL_PROCESSORS in your QSF to an appropriate value for best performance.
Info (115031): Writing out detailed assembly data for power analysis
Info (115030): Assembler is generating device programming files
Info: Quartus Prime Assembler was successful. 0 errors, 2 warnings
    Info: Peak virtual memory: 4759 megabytes
    Info: Processing ended: Thu Nov 27 14:34:05 2025
    Info: Elapsed time: 00:00:03
    Info: Total CPU time (on all processors): 00:00:03


